{
  "RSpec": {
    "coverage": {
      "/Users/suzannehuldt/Documents/week_10/bank/spec/account_spec.rb": [
        1,
        1,
        1,
        1,
        6,
        null,
        1,
        1,
        1,
        null,
        null,
        1,
        1,
        4,
        null,
        1,
        2,
        2,
        null,
        null,
        null,
        1,
        1,
        1,
        4,
        null,
        1,
        1,
        2,
        2,
        null,
        null,
        1,
        1,
        1,
        null,
        null,
        null
      ],
      "/Users/suzannehuldt/Documents/week_10/bank/lib/account.rb": [
        1,
        1,
        null,
        1,
        7,
        7,
        null,
        null,
        1,
        5,
        5,
        null,
        null,
        1,
        4,
        null,
        null,
        1,
        8,
        8,
        null,
        null,
        1,
        4,
        null,
        null
      ],
      "/Users/suzannehuldt/Documents/week_10/bank/spec/bank_spec.rb": [
        1,
        1,
        null,
        1,
        1,
        1,
        null,
        null,
        1,
        1,
        1,
        1,
        1,
        1,
        null,
        null,
        null
      ],
      "/Users/suzannehuldt/Documents/week_10/bank/lib/bank.rb": [
        1,
        1,
        1,
        1,
        2,
        2,
        2,
        2,
        null,
        1,
        null,
        null
      ],
      "/Users/suzannehuldt/Documents/week_10/bank/spec/transaction_spec.rb": [
        1,
        null,
        1,
        1,
        4,
        null,
        1,
        1,
        1,
        null,
        1,
        1,
        null,
        1,
        1,
        null,
        1,
        1,
        null,
        null,
        null
      ],
      "/Users/suzannehuldt/Documents/week_10/bank/lib/transaction.rb": [
        1,
        1,
        1,
        12,
        12,
        12,
        12,
        null,
        null
      ]
    },
    "timestamp": 1514917481
  }
}
